000, counter: 0000045638332637, param: 0xA0420300, L1_TRACE_MSG_DMA_XFR_SRC
001, counter: 0000045638332662, param: 0x08003200, L1_TRACE_MSG_DMA_XFR_DST
002, counter: 0000045638332706, param: 0xA0420500, L1_TRACE_MSG_DMA_XFR_SRC
003, counter: 0000045638332731, param: 0x09003400, L1_TRACE_MSG_DMA_XFR_DST
004, counter: 0000045638332775, param: 0xA0420700, L1_TRACE_MSG_DMA_XFR_SRC
005, counter: 0000045638332800, param: 0x0A003600, L1_TRACE_MSG_DMA_XFR_DST
006, counter: 0000045638332944, param: 0x0B002800, L1_TRACE_MSG_DMA_AXIQ_TX
007, counter: 0000045638333069, param: 0x000000B0, L1_TRACE_MSG_DMA_AXIQ_RX_ERR
008, counter: 0000045638333215, param: 0x0C001800, L1_TRACE_MSG_DMA_XFR_SRC
009, counter: 0000045638333239, param: 0xA021C900, L1_TRACE_MSG_DMA_XFR_DST
010, counter: 0000045638333293, param: 0x0D001C00, L1_TRACE_MSG_DMA_XFR_SRC
011, counter: 0000045638333317, param: 0xA021CD00, L1_TRACE_MSG_DMA_XFR_DST
012, counter: 0000045638333372, param: 0x02001000, L1_TRACE_MSG_DMA_AXIQ_RX
013, counter: 0000045638333553, param: 0x0000F7FB, L1_TRACE_MSG_ENTRY_IDLE
014, counter: 0000045638333620, param: 0x03000004, L1_TRACE_MSG_ENTRY_MAIN
015, counter: 0000045638333644, param: 0x00000800, L1_TRACE_MSG_ENTRY_MAIN
016, counter: 0000045638333668, param: 0x00000000, L1_TRACE_MSG_ENTRY_MAIN
017, counter: 0000045638333692, param: 0x00000800, L1_TRACE_MSG_ENTRY_MAIN
018, counter: 0000045638333783, param: 0x00000780, L1_TRACE_MSG_DMA_XFR_UNDERRUN
019, counter: 0000045638334398, param: 0x00072222, L1_TRACE_MSG_DMA_AXIQ_TX_ERR
020, counter: 0000045638334490, param: 0xA0420900, L1_TRACE_MSG_DMA_XFR_SRC
021, counter: 0000045638334515, param: 0x07002000, L1_TRACE_MSG_DMA_XFR_DST
022, counter: 0000045638334559, param: 0xA0420B00, L1_TRACE_MSG_DMA_XFR_SRC
023, counter: 0000045638334584, param: 0x08002200, L1_TRACE_MSG_DMA_XFR_DST
024, counter: 0000045638334628, param: 0xA0420D00, L1_TRACE_MSG_DMA_XFR_SRC
025, counter: 0000045638334653, param: 0x09002400, L1_TRACE_MSG_DMA_XFR_DST
026, counter: 0000045638334697, param: 0xA0420F00, L1_TRACE_MSG_DMA_XFR_SRC
027, counter: 0000045638334722, param: 0x0A002600, L1_TRACE_MSG_DMA_XFR_DST
028, counter: 0000045638334869, param: 0x0B003000, L1_TRACE_MSG_DMA_AXIQ_TX
029, counter: 0000045638334960, param: 0x00000000, L1_TRACE_MSG_DMA_XFR_UNDERRUN
030, counter: 0000045638335025, param: 0x000000B0, L1_TRACE_MSG_DMA_AXIQ_RX_ERR
031, counter: 0000045638335171, param: 0x0C000000, L1_TRACE_MSG_DMA_XFR_SRC
032, counter: 0000045638335195, param: 0xA021D100, L1_TRACE_MSG_DMA_XFR_DST
033, counter: 0000045638335249, param: 0x0D000400, L1_TRACE_MSG_DMA_XFR_SRC
034, counter: 0000045638335273, param: 0xA021D500, L1_TRACE_MSG_DMA_XFR_DST
035, counter: 0000045638335328, param: 0x02001800, L1_TRACE_MSG_DMA_AXIQ_RX
036, counter: 0000045638335508, param: 0x0000F7FB, L1_TRACE_MSG_ENTRY_IDLE
037, counter: 0000045638335610, param: 0x03000004, L1_TRACE_MSG_ENTRY_MAIN
038, counter: 0000045638335634, param: 0x00000800, L1_TRACE_MSG_ENTRY_MAIN
039, counter: 0000045638335658, param: 0x00000000, L1_TRACE_MSG_ENTRY_MAIN
040, counter: 0000045638335682, param: 0x00002800, L1_TRACE_MSG_ENTRY_MAIN
041, counter: 0000045638335773, param: 0x00000780, L1_TRACE_MSG_DMA_XFR_UNDERRUN
042, counter: 0000045638336411, param: 0xA0421100, L1_TRACE_MSG_DMA_XFR_SRC
043, counter: 0000045638336436, param: 0x07002800, L1_TRACE_MSG_DMA_XFR_DST
044, counter: 0000045638336480, param: 0xA0421300, L1_TRACE_MSG_DMA_XFR_SRC
045, counter: 0000045638336505, param: 0x08002A00, L1_TRACE_MSG_DMA_XFR_DST
046, counter: 0000045638336549, param: 0xA0421500, L1_TRACE_MSG_DMA_XFR_SRC
047, counter: 0000045638336574, param: 0x09002C00, L1_TRACE_MSG_DMA_XFR_DST
048, counter: 0000045638336620, param: 0xA0421700, L1_TRACE_MSG_DMA_XFR_SRC
049, counter: 0000045638336645, param: 0x0A002E00, L1_TRACE_MSG_DMA_XFR_DST
050, counter: 0000045638336789, param: 0x0B002000, L1_TRACE_MSG_DMA_AXIQ_TX
051, counter: 0000045638336897, param: 0x0000F7FB, L1_TRACE_MSG_ENTRY_IDLE
052, counter: 0000045638337658, param: 0x03000004, L1_TRACE_MSG_ENTRY_MAIN
053, counter: 0000045638337683, param: 0x00000800, L1_TRACE_MSG_ENTRY_MAIN
054, counter: 0000045638337707, param: 0x00000000, L1_TRACE_MSG_ENTRY_MAIN
055, counter: 0000045638337731, param: 0x00003800, L1_TRACE_MSG_ENTRY_MAIN
056, counter: 0000045638337822, param: 0x00000780, L1_TRACE_MSG_DMA_XFR_UNDERRUN
057, counter: 0000045638338336, param: 0xA0421900, L1_TRACE_MSG_DMA_XFR_SRC
058, counter: 0000045638338361, param: 0x07003000, L1_TRACE_MSG_DMA_XFR_DST
059, counter: 0000045638338406, param: 0xA0421B00, L1_TRACE_MSG_DMA_XFR_SRC
060, counter: 0000045638338433, param: 0x08003200, L1_TRACE_MSG_DMA_XFR_DST
061, counter: 0000045638338477, param: 0xA0421D00, L1_TRACE_MSG_DMA_XFR_SRC
062, counter: 0000045638338502, param: 0x09003400, L1_TRACE_MSG_DMA_XFR_DST
063, counter: 0000045638338546, param: 0xA0421F00, L1_TRACE_MSG_DMA_XFR_SRC
064, counter: 0000045638338571, param: 0x0A003600, L1_TRACE_MSG_DMA_XFR_DST
065, counter: 0000045638338718, param: 0x0B002800, L1_TRACE_MSG_DMA_AXIQ_TX
066, counter: 0000045638338842, param: 0x000000B0, L1_TRACE_MSG_DMA_AXIQ_RX_ERR
067, counter: 0000045638338988, param: 0x0C000800, L1_TRACE_MSG_DMA_XFR_SRC
068, counter: 0000045638339012, param: 0xA021D900, L1_TRACE_MSG_DMA_XFR_DST
069, counter: 0000045638339066, param: 0x0D000C00, L1_TRACE_MSG_DMA_XFR_SRC
070, counter: 0000045638339090, param: 0xA021DD00, L1_TRACE_MSG_DMA_XFR_DST
071, counter: 0000045638339147, param: 0x02000000, L1_TRACE_MSG_DMA_AXIQ_RX
072, counter: 0000045638339326, param: 0x0000F7FB, L1_TRACE_MSG_ENTRY_IDLE
073, counter: 0000045638339975, param: 0x03000004, L1_TRACE_MSG_ENTRY_MAIN
074, counter: 0000045638339999, param: 0x00000800, L1_TRACE_MSG_ENTRY_MAIN
075, counter: 0000045638340023, param: 0x00000000, L1_TRACE_MSG_ENTRY_MAIN
076, counter: 0000045638340047, param: 0x00000880, L1_TRACE_MSG_ENTRY_MAIN
077, counter: 0000045638340138, param: 0x00000780, L1_TRACE_MSG_DMA_XFR_UNDERRUN
078, counter: 0000045638340640, param: 0x00072222, L1_TRACE_MSG_DMA_AXIQ_TX_ERR
079, counter: 0000045638340731, param: 0xA0422100, L1_TRACE_MSG_DMA_XFR_SRC
080, counter: 0000045638340756, param: 0x07002000, L1_TRACE_MSG_DMA_XFR_DST
081, counter: 0000045638340800, param: 0xA0422300, L1_TRACE_MSG_DMA_XFR_SRC
082, counter: 0000045638340825, param: 0x08002200, L1_TRACE_MSG_DMA_XFR_DST
083, counter: 0000045638340869, param: 0xA0422500, L1_TRACE_MSG_DMA_XFR_SRC
084, counter: 0000045638340894, param: 0x09002400, L1_TRACE_MSG_DMA_XFR_DST
085, counter: 0000045638340938, param: 0xA0422700, L1_TRACE_MSG_DMA_XFR_SRC
086, counter: 0000045638340963, param: 0x0A002600, L1_TRACE_MSG_DMA_XFR_DST
087, counter: 0000045638341107, param: 0x0B003000, L1_TRACE_MSG_DMA_AXIQ_TX
088, counter: 0000045638341232, param: 0x000000B0, L1_TRACE_MSG_DMA_AXIQ_RX_ERR
089, counter: 0000045638341378, param: 0x0C001000, L1_TRACE_MSG_DMA_XFR_SRC
090, counter: 0000045638341402, param: 0xA021E100, L1_TRACE_MSG_DMA_XFR_DST
091, counter: 0000045638341456, param: 0x0D001400, L1_TRACE_MSG_DMA_XFR_SRC
092, counter: 0000045638341480, param: 0xA021E500, L1_TRACE_MSG_DMA_XFR_DST
093, counter: 0000045638341535, param: 0x02000800, L1_TRACE_MSG_DMA_AXIQ_RX
094, counter: 0000045638341712, param: 0x0000F7FB, L1_TRACE_MSG_ENTRY_IDLE
095, counter: 0000045638342073, param: 0x03000004, L1_TRACE_MSG_ENTRY_MAIN
096, counter: 0000045638342097, param: 0x00000800, L1_TRACE_MSG_ENTRY_MAIN
097, counter: 0000045638342121, param: 0x00000000, L1_TRACE_MSG_ENTRY_MAIN
098, counter: 0000045638342145, param: 0x00000800, L1_TRACE_MSG_ENTRY_MAIN
099, counter: 0000045638342236, param: 0x00000780, L1_TRACE_MSG_DMA_XFR_UNDERRUN
100, counter: 0000045638342701, param: 0x00072222, L1_TRACE_MSG_DMA_AXIQ_TX_ERR
101, counter: 0000045638342792, param: 0xA0422900, L1_TRACE_MSG_DMA_XFR_SRC
102, counter: 0000045638342817, param: 0x07002800, L1_TRACE_MSG_DMA_XFR_DST
103, counter: 0000045638342862, param: 0xA0422B00, L1_TRACE_MSG_DMA_XFR_SRC
104, counter: 0000045638342887, param: 0x08002A00, L1_TRACE_MSG_DMA_XFR_DST
105, counter: 0000045638342931, param: 0xA0422D00, L1_TRACE_MSG_DMA_XFR_SRC
106, counter: 0000045638342956, param: 0x09002C00, L1_TRACE_MSG_DMA_XFR_DST
107, counter: 0000045638343000, param: 0xA0422F00, L1_TRACE_MSG_DMA_XFR_SRC
108, counter: 0000045638343025, param: 0x0A002E00, L1_TRACE_MSG_DMA_XFR_DST
109, counter: 0000045638343172, param: 0x0B002000, L1_TRACE_MSG_DMA_AXIQ_TX
110, counter: 0000045638343278, param: 0x0000F7FB, L1_TRACE_MSG_ENTRY_IDLE
111, counter: 0000045638343910, param: 0x03000004, L1_TRACE_MSG_ENTRY_MAIN
112, counter: 0000045638343934, param: 0x00000800, L1_TRACE_MSG_ENTRY_MAIN
113, counter: 0000045638343958, param: 0x00000000, L1_TRACE_MSG_ENTRY_MAIN
114, counter: 0000045638343982, param: 0x00003800, L1_TRACE_MSG_ENTRY_MAIN
115, counter: 0000045638344073, param: 0x00000780, L1_TRACE_MSG_DMA_XFR_UNDERRUN
116, counter: 0000045638344599, param: 0xA0419100, L1_TRACE_MSG_DMA_XFR_SRC
117, counter: 0000045638344624, param: 0x07003000, L1_TRACE_MSG_DMA_XFR_DST
118, counter: 0000045638344668, param: 0xA0419300, L1_TRACE_MSG_DMA_XFR_SRC
119, counter: 0000045638344693, param: 0x08003200, L1_TRACE_MSG_DMA_XFR_DST
120, counter: 0000045638344737, param: 0xA0419500, L1_TRACE_MSG_DMA_XFR_SRC
121, counter: 0000045638344762, param: 0x09003400, L1_TRACE_MSG_DMA_XFR_DST
122, counter: 0000045638344806, param: 0xA0419700, L1_TRACE_MSG_DMA_XFR_SRC
123, counter: 0000045638344831, param: 0x0A003600, L1_TRACE_MSG_DMA_XFR_DST
124, counter: 0000045638344977, param: 0x0B002800, L1_TRACE_MSG_DMA_AXIQ_TX
125, counter: 0000045638345102, param: 0x000000B0, L1_TRACE_MSG_DMA_AXIQ_RX_ERR
126, counter: 0000045638345248, param: 0x0C001800, L1_TRACE_MSG_DMA_XFR_SRC
127, counter: 0000045638345272, param: 0xA021E900, L1_TRACE_MSG_DMA_XFR_DST
128, counter: 0000045638345326, param: 0x0D001C00, L1_TRACE_MSG_DMA_XFR_SRC
129, counter: 0000045638345350, param: 0xA021ED00, L1_TRACE_MSG_DMA_XFR_DST
130, counter: 0000045638345405, param: 0x02001000, L1_TRACE_MSG_DMA_AXIQ_RX
131, counter: 0000045638345585, param: 0x0000F7FB, L1_TRACE_MSG_ENTRY_IDLE
132, counter: 0000045638346235, param: 0x03000004, L1_TRACE_MSG_ENTRY_MAIN
133, counter: 0000045638346259, param: 0x00000800, L1_TRACE_MSG_ENTRY_MAIN
134, counter: 0000045638346283, param: 0x00000000, L1_TRACE_MSG_ENTRY_MAIN
135, counter: 0000045638346307, param: 0x00000880, L1_TRACE_MSG_ENTRY_MAIN
136, counter: 0000045638346398, param: 0x00000780, L1_TRACE_MSG_DMA_XFR_UNDERRUN
137, counter: 0000045638346887, param: 0x00072222, L1_TRACE_MSG_DMA_AXIQ_TX_ERR
138, counter: 0000045638346978, param: 0xA0419900, L1_TRACE_MSG_DMA_XFR_SRC
139, counter: 0000045638347003, param: 0x07002000, L1_TRACE_MSG_DMA_XFR_DST
140, counter: 0000045638347047, param: 0xA0419B00, L1_TRACE_MSG_DMA_XFR_SRC
141, counter: 0000045638347072, param: 0x08002200, L1_TRACE_MSG_DMA_XFR_DST
142, counter: 0000045638347116, param: 0xA0419D00, L1_TRACE_MSG_DMA_XFR_SRC
143, counter: 0000045638347141, param: 0x09002400, L1_TRACE_MSG_DMA_XFR_DST
144, counter: 0000045638347185, param: 0xA0419F00, L1_TRACE_MSG_DMA_XFR_SRC
145, counter: 0000045638347211, param: 0x0A002600, L1_TRACE_MSG_DMA_XFR_DST
146, counter: 0000045638347355, param: 0x0B003000, L1_TRACE_MSG_DMA_AXIQ_TX
147, counter: 0000045638347477, param: 0x000000B0, L1_TRACE_MSG_DMA_AXIQ_RX_ERR
148, counter: 0000045638347623, param: 0x0C000000, L1_TRACE_MSG_DMA_XFR_SRC
149, counter: 0000045638347647, param: 0xA021F100, L1_TRACE_MSG_DMA_XFR_DST
150, counter: 0000045638347701, param: 0x0D000400, L1_TRACE_MSG_DMA_XFR_SRC
151, counter: 0000045638347725, param: 0xA021F500, L1_TRACE_MSG_DMA_XFR_DST
152, counter: 0000045638347781, param: 0x02001800, L1_TRACE_MSG_DMA_AXIQ_RX
153, counter: 0000045638347960, param: 0x0000F7FB, L1_TRACE_MSG_ENTRY_IDLE
154, counter: 0000045638348325, param: 0x03000004, L1_TRACE_MSG_ENTRY_MAIN
155, counter: 0000045638348350, param: 0x00000800, L1_TRACE_MSG_ENTRY_MAIN
156, counter: 0000045638348374, param: 0x00000000, L1_TRACE_MSG_ENTRY_MAIN
157, counter: 0000045638348398, param: 0x00000800, L1_TRACE_MSG_ENTRY_MAIN
158, counter: 0000045638348489, param: 0x00000780, L1_TRACE_MSG_DMA_XFR_UNDERRUN
159, counter: 0000045638348966, param: 0x00072222, L1_TRACE_MSG_DMA_AXIQ_TX_ERR
160, counter: 0000045638349057, param: 0xA041A100, L1_TRACE_MSG_DMA_XFR_SRC
161, counter: 0000045638349082, param: 0x07002800, L1_TRACE_MSG_DMA_XFR_DST
162, counter: 0000045638349126, param: 0xA041A300, L1_TRACE_MSG_DMA_XFR_SRC
163, counter: 0000045638349151, param: 0x08002A00, L1_TRACE_MSG_DMA_XFR_DST
164, counter: 0000045638349195, param: 0xA041A500, L1_TRACE_MSG_DMA_XFR_SRC
165, counter: 0000045638349220, param: 0x09002C00, L1_TRACE_MSG_DMA_XFR_DST
166, counter: 0000045638349264, param: 0xA041A700, L1_TRACE_MSG_DMA_XFR_SRC
167, counter: 0000045638349289, param: 0x0A002E00, L1_TRACE_MSG_DMA_XFR_DST
168, counter: 0000045638349436, param: 0x0B002000, L1_TRACE_MSG_DMA_AXIQ_TX
169, counter: 0000045638349542, param: 0x0000F7FB, L1_TRACE_MSG_ENTRY_IDLE
170, counter: 0000045638350190, param: 0x03000004, L1_TRACE_MSG_ENTRY_MAIN
171, counter: 0000045638350214, param: 0x00000800, L1_TRACE_MSG_ENTRY_MAIN
172, counter: 0000045638350239, param: 0x00000000, L1_TRACE_MSG_ENTRY_MAIN
173, counter: 0000045638350263, param: 0x00003800, L1_TRACE_MSG_ENTRY_MAIN
174, counter: 0000045638350354, param: 0x00000780, L1_TRACE_MSG_DMA_XFR_UNDERRUN
175, counter: 0000045638350923, param: 0xA041A900, L1_TRACE_MSG_DMA_XFR_SRC
176, counter: 0000045638350949, param: 0x07003000, L1_TRACE_MSG_DMA_XFR_DST
177, counter: 0000045638350993, param: 0xA041AB00, L1_TRACE_MSG_DMA_XFR_SRC
178, counter: 0000045638351018, param: 0x08003200, L1_TRACE_MSG_DMA_XFR_DST
179, counter: 0000045638351062, param: 0xA041AD00, L1_TRACE_MSG_DMA_XFR_SRC
180, counter: 0000045638351087, param: 0x09003400, L1_TRACE_MSG_DMA_XFR_DST
181, counter: 0000045638351131, param: 0xA041AF00, L1_TRACE_MSG_DMA_XFR_SRC
182, counter: 0000045638351156, param: 0x0A003600, L1_TRACE_MSG_DMA_XFR_DST
183, counter: 0000045638351300, param: 0x0B002800, L1_TRACE_MSG_DMA_AXIQ_TX
184, counter: 0000045638351424, param: 0x000000B0, L1_TRACE_MSG_DMA_AXIQ_RX_ERR
185, counter: 0000045638351571, param: 0x0C000800, L1_TRACE_MSG_DMA_XFR_SRC
186, counter: 0000045638351595, param: 0xA021F900, L1_TRACE_MSG_DMA_XFR_DST
187, counter: 0000045638351649, param: 0x0D000C00, L1_TRACE_MSG_DMA_XFR_SRC
188, counter: 0000045638351673, param: 0xA021FD00, L1_TRACE_MSG_DMA_XFR_DST
189, counter: 0000045638351727, param: 0x02000000, L1_TRACE_MSG_DMA_AXIQ_RX
190, counter: 0000045638351905, param: 0x0000F7FB, L1_TRACE_MSG_ENTRY_IDLE
191, counter: 0000045638352563, param: 0x03000004, L1_TRACE_MSG_ENTRY_MAIN
192, counter: 0000045638352587, param: 0x00000800, L1_TRACE_MSG_ENTRY_MAIN
193, counter: 0000045638352611, param: 0x00000000, L1_TRACE_MSG_ENTRY_MAIN
194, counter: 0000045638352635, param: 0x00000880, L1_TRACE_MSG_ENTRY_MAIN
195, counter: 0000045638352726, param: 0x00000780, L1_TRACE_MSG_DMA_XFR_UNDERRUN
196, counter: 0000045638353215, param: 0x00072222, L1_TRACE_MSG_DMA_AXIQ_TX_ERR
197, counter: 0000045638353306, param: 0xA041B100, L1_TRACE_MSG_DMA_XFR_SRC
198, counter: 0000045638353331, param: 0x07002000, L1_TRACE_MSG_DMA_XFR_DST
199, counter: 0000045638353375, param: 0xA041B300, L1_TRACE_MSG_DMA_XFR_SRC
200, counter: 0000045638353400, param: 0x08002200, L1_TRACE_MSG_DMA_XFR_DST
201, counter: 0000045638353444, param: 0xA041B500, L1_TRACE_MSG_DMA_XFR_SRC
202, counter: 0000045638353469, param: 0x09002400, L1_TRACE_MSG_DMA_XFR_DST
203, counter: 0000045638353513, param: 0xA041B700, L1_TRACE_MSG_DMA_XFR_SRC
204, counter: 0000045638353539, param: 0x0A002600, L1_TRACE_MSG_DMA_XFR_DST
205, counter: 0000045638353683, param: 0x0B003000, L1_TRACE_MSG_DMA_AXIQ_TX
206, counter: 0000045638353808, param: 0x000000B0, L1_TRACE_MSG_DMA_AXIQ_RX_ERR
207, counter: 0000045638353954, param: 0x0C001000, L1_TRACE_MSG_DMA_XFR_SRC
208, counter: 0000045638353978, param: 0xA0220100, L1_TRACE_MSG_DMA_XFR_DST
209, counter: 0000045638354032, param: 0x0D001400, L1_TRACE_MSG_DMA_XFR_SRC
210, counter: 0000045638354056, param: 0xA0220500, L1_TRACE_MSG_DMA_XFR_DST
211, counter: 0000045638354113, param: 0x02000800, L1_TRACE_MSG_DMA_AXIQ_RX
212, counter: 0000045638354291, param: 0x0000F7FB, L1_TRACE_MSG_ENTRY_IDLE
213, counter: 0000045638354657, param: 0x03000004, L1_TRACE_MSG_ENTRY_MAIN
214, counter: 0000045638354681, param: 0x00000800, L1_TRACE_MSG_ENTRY_MAIN
215, counter: 0000045638354705, param: 0x00000000, L1_TRACE_MSG_ENTRY_MAIN
216, counter: 0000045638354729, param: 0x00000800, L1_TRACE_MSG_ENTRY_MAIN
217, counter: 0000045638354820, param: 0x00000780, L1_TRACE_MSG_DMA_XFR_UNDERRUN
218, counter: 0000045638355243, param: 0x00072222, L1_TRACE_MSG_DMA_AXIQ_TX_ERR
219, counter: 0000045638355334, param: 0xA041B900, L1_TRACE_MSG_DMA_XFR_SRC
220, counter: 0000045638355359, param: 0x07002800, L1_TRACE_MSG_DMA_XFR_DST
221, counter: 0000045638355403, param: 0xA041BB00, L1_TRACE_MSG_DMA_XFR_SRC
222, counter: 0000045638355428, param: 0x08002A00, L1_TRACE_MSG_DMA_XFR_DST
223, counter: 0000045638355472, param: 0xA041BD00, L1_TRACE_MSG_DMA_XFR_SRC
224, counter: 0000045638355497, param: 0x09002C00, L1_TRACE_MSG_DMA_XFR_DST
225, counter: 0000045638355541, param: 0xA041BF00, L1_TRACE_MSG_DMA_XFR_SRC
226, counter: 0000045638355566, param: 0x0A002E00, L1_TRACE_MSG_DMA_XFR_DST
227, counter: 0000045638355710, param: 0x0B002000, L1_TRACE_MSG_DMA_AXIQ_TX
228, counter: 0000045638355816, param: 0x0000F7FB, L1_TRACE_MSG_ENTRY_IDLE
229, counter: 0000045638356526, param: 0x03000004, L1_TRACE_MSG_ENTRY_MAIN
230, counter: 0000045638356550, param: 0x00000800, L1_TRACE_MSG_ENTRY_MAIN
231, counter: 0000045638356574, param: 0x00000000, L1_TRACE_MSG_ENTRY_MAIN
232, counter: 0000045638356598, param: 0x00003800, L1_TRACE_MSG_ENTRY_MAIN
233, counter: 0000045638356689, param: 0x00000780, L1_TRACE_MSG_DMA_XFR_UNDERRUN
234, counter: 0000045638357167, param: 0xA041C100, L1_TRACE_MSG_DMA_XFR_SRC
235, counter: 0000045638357192, param: 0x07003000, L1_TRACE_MSG_DMA_XFR_DST
236, counter: 0000045638357236, param: 0xA041C300, L1_TRACE_MSG_DMA_XFR_SRC
237, counter: 0000045638357261, param: 0x08003200, L1_TRACE_MSG_DMA_XFR_DST
238, counter: 0000045638357305, param: 0xA041C500, L1_TRACE_MSG_DMA_XFR_SRC
239, counter: 0000045638357330, param: 0x09003400, L1_TRACE_MSG_DMA_XFR_DST
240, counter: 0000045638357374, param: 0xA041C700, L1_TRACE_MSG_DMA_XFR_SRC
241, counter: 0000045638357399, param: 0x0A003600, L1_TRACE_MSG_DMA_XFR_DST
242, counter: 0000045638357546, param: 0x0B002800, L1_TRACE_MSG_DMA_AXIQ_TX
243, counter: 0000045638357671, param: 0x000000B0, L1_TRACE_MSG_DMA_AXIQ_RX_ERR
244, counter: 0000045638357817, param: 0x0C001800, L1_TRACE_MSG_DMA_XFR_SRC
245, counter: 0000045638357841, param: 0xA0220900, L1_TRACE_MSG_DMA_XFR_DST
246, counter: 0000045638357895, param: 0x0D001C00, L1_TRACE_MSG_DMA_XFR_SRC
247, counter: 0000045638357919, param: 0xA0220D00, L1_TRACE_MSG_DMA_XFR_DST
248, counter: 0000045638357973, param: 0x02001000, L1_TRACE_MSG_DMA_AXIQ_RX
249, counter: 0000045638358150, param: 0x0000F7FB, L1_TRACE_MSG_ENTRY_IDLE
250, counter: 0000045638358817, param: 0x03000004, L1_TRACE_MSG_ENTRY_MAIN
251, counter: 0000045638358841, param: 0x00000800, L1_TRACE_MSG_ENTRY_MAIN
252, counter: 0000045638358865, param: 0x00000000, L1_TRACE_MSG_ENTRY_MAIN
253, counter: 0000045638358889, param: 0x00000880, L1_TRACE_MSG_ENTRY_MAIN
254, counter: 0000045638358980, param: 0x00000780, L1_TRACE_MSG_DMA_XFR_UNDERRUN
255, counter: 0000045638359488, param: 0x00072222, L1_TRACE_MSG_DMA_AXIQ_TX_ERR
256, counter: 0000045638359579, param: 0xA041C900, L1_TRACE_MSG_DMA_XFR_SRC
257, counter: 0000045638359605, param: 0x07002000, L1_TRACE_MSG_DMA_XFR_DST
258, counter: 0000045638359649, param: 0xA041CB00, L1_TRACE_MSG_DMA_XFR_SRC
259, counter: 0000045638359674, param: 0x08002200, L1_TRACE_MSG_DMA_XFR_DST
260, counter: 0000045638359718, param: 0xA041CD00, L1_TRACE_MSG_DMA_XFR_SRC
261, counter: 0000045638359743, param: 0x09002400, L1_TRACE_MSG_DMA_XFR_DST
262, counter: 0000045638359787, param: 0xA041CF00, L1_TRACE_MSG_DMA_XFR_SRC
263, counter: 0000045638359812, param: 0x0A002600, L1_TRACE_MSG_DMA_XFR_DST
264, counter: 0000045638359956, param: 0x0B003000, L1_TRACE_MSG_DMA_AXIQ_TX
265, counter: 0000045638360079, param: 0x000000B0, L1_TRACE_MSG_DMA_AXIQ_RX_ERR
266, counter: 0000045638360225, param: 0x0C000000, L1_TRACE_MSG_DMA_XFR_SRC
267, counter: 0000045638360249, param: 0xA0221100, L1_TRACE_MSG_DMA_XFR_DST
268, counter: 0000045638360303, param: 0x0D000400, L1_TRACE_MSG_DMA_XFR_SRC
269, counter: 0000045638360327, param: 0xA0221500, L1_TRACE_MSG_DMA_XFR_DST
270, counter: 0000045638360381, param: 0x02001800, L1_TRACE_MSG_DMA_AXIQ_RX
271, counter: 0000045638360561, param: 0x0000F7FB, L1_TRACE_MSG_ENTRY_IDLE
272, counter: 0000045638360917, param: 0x03000004, L1_TRACE_MSG_ENTRY_MAIN
273, counter: 0000045638360941, param: 0x00000800, L1_TRACE_MSG_ENTRY_MAIN
274, counter: 0000045638360965, param: 0x00000000, L1_TRACE_MSG_ENTRY_MAIN
275, counter: 0000045638360989, param: 0x00000800, L1_TRACE_MSG_ENTRY_MAIN
276, counter: 0000045638361080, param: 0x00000780, L1_TRACE_MSG_DMA_XFR_UNDERRUN
277, counter: 0000045638361571, param: 0x00072222, L1_TRACE_MSG_DMA_AXIQ_TX_ERR
278, counter: 0000045638361662, param: 0xA041D100, L1_TRACE_MSG_DMA_XFR_SRC
279, counter: 0000045638361687, param: 0x07002800, L1_TRACE_MSG_DMA_XFR_DST
280, counter: 0000045638361731, param: 0xA041D300, L1_TRACE_MSG_DMA_XFR_SRC
281, counter: 0000045638361756, param: 0x08002A00, L1_TRACE_MSG_DMA_XFR_DST
282, counter: 0000045638361800, param: 0xA041D500, L1_TRACE_MSG_DMA_XFR_SRC
283, counter: 0000045638361825, param: 0x09002C00, L1_TRACE_MSG_DMA_XFR_DST
284, counter: 0000045638361869, param: 0xA041D700, L1_TRACE_MSG_DMA_XFR_SRC
285, counter: 0000045638361894, param: 0x0A002E00, L1_TRACE_MSG_DMA_XFR_DST
286, counter: 0000045638362038, param: 0x0B002000, L1_TRACE_MSG_DMA_AXIQ_TX
287, counter: 0000045638362144, param: 0x0000F7FB, L1_TRACE_MSG_ENTRY_IDLE
288, counter: 0000045638362738, param: 0x03000004, L1_TRACE_MSG_ENTRY_MAIN
289, counter: 0000045638362762, param: 0x00000800, L1_TRACE_MSG_ENTRY_MAIN
290, counter: 0000045638362786, param: 0x00000000, L1_TRACE_MSG_ENTRY_MAIN
291, counter: 0000045638362810, param: 0x00003800, L1_TRACE_MSG_ENTRY_MAIN
292, counter: 0000045638362901, param: 0x00000780, L1_TRACE_MSG_DMA_XFR_UNDERRUN
293, counter: 0000045638363457, param: 0xA041D900, L1_TRACE_MSG_DMA_XFR_SRC
294, counter: 0000045638363483, param: 0x07003000, L1_TRACE_MSG_DMA_XFR_DST
295, counter: 0000045638363527, param: 0xA041DB00, L1_TRACE_MSG_DMA_XFR_SRC
296, counter: 0000045638363552, param: 0x08003200, L1_TRACE_MSG_DMA_XFR_DST
297, counter: 0000045638363596, param: 0xA041DD00, L1_TRACE_MSG_DMA_XFR_SRC
298, counter: 0000045638363621, param: 0x09003400, L1_TRACE_MSG_DMA_XFR_DST
299, counter: 0000045638363665, param: 0xA041DF00, L1_TRACE_MSG_DMA_XFR_SRC
300, counter: 0000045638363690, param: 0x0A003600, L1_TRACE_MSG_DMA_XFR_DST
301, counter: 0000045638363834, param: 0x0B002800, L1_TRACE_MSG_DMA_AXIQ_TX
302, counter: 0000045638363958, param: 0x000000B0, L1_TRACE_MSG_DMA_AXIQ_RX_ERR
303, counter: 0000045638364104, param: 0x0C000800, L1_TRACE_MSG_DMA_XFR_SRC
304, counter: 0000045638364128, param: 0xA0221900, L1_TRACE_MSG_DMA_XFR_DST
305, counter: 0000045638364182, param: 0x0D000C00, L1_TRACE_MSG_DMA_XFR_SRC
306, counter: 0000045638364206, param: 0xA0221D00, L1_TRACE_MSG_DMA_XFR_DST
307, counter: 0000045638364261, param: 0x02000000, L1_TRACE_MSG_DMA_AXIQ_RX
308, counter: 0000045638364439, param: 0x0000F7FB, L1_TRACE_MSG_ENTRY_IDLE
309, counter: 0000045638365179, param: 0x03000004, L1_TRACE_MSG_ENTRY_MAIN
310, counter: 0000045638365203, param: 0x00000800, L1_TRACE_MSG_ENTRY_MAIN
311, counter: 0000045638365227, param: 0x00000000, L1_TRACE_MSG_ENTRY_MAIN
312, counter: 0000045638365251, param: 0x00000880, L1_TRACE_MSG_ENTRY_MAIN
313, counter: 0000045638365343, param: 0x00000780, L1_TRACE_MSG_DMA_XFR_UNDERRUN
314, counter: 0000045638365976, param: 0x00072222, L1_TRACE_MSG_DMA_AXIQ_TX_ERR
315, counter: 0000045638366067, param: 0xA041E100, L1_TRACE_MSG_DMA_XFR_SRC
316, counter: 0000045638366092, param: 0x07002000, L1_TRACE_MSG_DMA_XFR_DST
317, counter: 0000045638366136, param: 0xA041E300, L1_TRACE_MSG_DMA_XFR_SRC
318, counter: 0000045638366161, param: 0x08002200, L1_TRACE_MSG_DMA_XFR_DST
319, counter: 0000045638366206, param: 0xA041E500, L1_TRACE_MSG_DMA_XFR_SRC
320, counter: 0000045638366231, param: 0x09002400, L1_TRACE_MSG_DMA_XFR_DST
321, counter: 0000045638366275, param: 0xA041E700, L1_TRACE_MSG_DMA_XFR_SRC
322, counter: 0000045638366300, param: 0x0A002600, L1_TRACE_MSG_DMA_XFR_DST
323, counter: 0000045638366444, param: 0x0B003000, L1_TRACE_MSG_DMA_AXIQ_TX
324, counter: 0000045638366569, param: 0x000000B0, L1_TRACE_MSG_DMA_AXIQ_RX_ERR
325, counter: 0000045638366715, param: 0x0C001000, L1_TRACE_MSG_DMA_XFR_SRC
326, counter: 0000045638366739, param: 0xA0222100, L1_TRACE_MSG_DMA_XFR_DST
327, counter: 0000045638366793, param: 0x0D001400, L1_TRACE_MSG_DMA_XFR_SRC
328, counter: 0000045638366817, param: 0xA0222500, L1_TRACE_MSG_DMA_XFR_DST
329, counter: 0000045638366871, param: 0x02000800, L1_TRACE_MSG_DMA_AXIQ_RX
330, counter: 0000045638367050, param: 0x0000F7FB, L1_TRACE_MSG_ENTRY_IDLE
331, counter: 0000045638367116, param: 0x03000004, L1_TRACE_MSG_ENTRY_MAIN
332, counter: 0000045638367140, param: 0x00000800, L1_TRACE_MSG_ENTRY_MAIN
333, counter: 0000045638367164, param: 0x00000000, L1_TRACE_MSG_ENTRY_MAIN
334, counter: 0000045638367188, param: 0x00000800, L1_TRACE_MSG_ENTRY_MAIN
335, counter: 0000045638367279, param: 0x00000780, L1_TRACE_MSG_DMA_XFR_UNDERRUN
336, counter: 0000045638368002, param: 0xA041E900, L1_TRACE_MSG_DMA_XFR_SRC
337, counter: 0000045638368027, param: 0x07002800, L1_TRACE_MSG_DMA_XFR_DST
338, counter: 0000045638368071, param: 0xA041EB00, L1_TRACE_MSG_DMA_XFR_SRC
339, counter: 0000045638368096, param: 0x08002A00, L1_TRACE_MSG_DMA_XFR_DST
340, counter: 0000045638368140, param: 0xA041ED00, L1_TRACE_MSG_DMA_XFR_SRC
341, counter: 0000045638368165, param: 0x09002C00, L1_TRACE_MSG_DMA_XFR_DST
342, counter: 0000045638368209, param: 0xA041EF00, L1_TRACE_MSG_DMA_XFR_SRC
343, counter: 0000045638368235, param: 0x0A002E00, L1_TRACE_MSG_DMA_XFR_DST
344, counter: 0000045638368379, param: 0x0B002000, L1_TRACE_MSG_DMA_AXIQ_TX
345, counter: 0000045638368485, param: 0x0000F7FB, L1_TRACE_MSG_ENTRY_IDLE
346, counter: 0000045638369046, param: 0x03000004, L1_TRACE_MSG_ENTRY_MAIN
347, counter: 0000045638369070, param: 0x00000800, L1_TRACE_MSG_ENTRY_MAIN
348, counter: 0000045638369094, param: 0x00000000, L1_TRACE_MSG_ENTRY_MAIN
349, counter: 0000045638369118, param: 0x00003800, L1_TRACE_MSG_ENTRY_MAIN
350, counter: 0000045638369209, param: 0x00000780, L1_TRACE_MSG_DMA_XFR_UNDERRUN
351, counter: 0000045638369837, param: 0xA041F100, L1_TRACE_MSG_DMA_XFR_SRC
352, counter: 0000045638369862, param: 0x07003000, L1_TRACE_MSG_DMA_XFR_DST
353, counter: 0000045638369906, param: 0xA041F300, L1_TRACE_MSG_DMA_XFR_SRC
354, counter: 0000045638369931, param: 0x08003200, L1_TRACE_MSG_DMA_XFR_DST
355, counter: 0000045638369975, param: 0xA041F500, L1_TRACE_MSG_DMA_XFR_SRC
356, counter: 0000045638370000, param: 0x09003400, L1_TRACE_MSG_DMA_XFR_DST
357, counter: 0000045638370044, param: 0xA041F700, L1_TRACE_MSG_DMA_XFR_SRC
358, counter: 0000045638370069, param: 0x0A003600, L1_TRACE_MSG_DMA_XFR_DST
359, counter: 0000045638370213, param: 0x0B002800, L1_TRACE_MSG_DMA_AXIQ_TX
360, counter: 0000045638370338, param: 0x000000B0, L1_TRACE_MSG_DMA_AXIQ_RX_ERR
361, counter: 0000045638370484, param: 0x0C001800, L1_TRACE_MSG_DMA_XFR_SRC
362, counter: 0000045638370509, param: 0xA0222900, L1_TRACE_MSG_DMA_XFR_DST
363, counter: 0000045638370563, param: 0x0D001C00, L1_TRACE_MSG_DMA_XFR_SRC
364, counter: 0000045638370587, param: 0xA0222D00, L1_TRACE_MSG_DMA_XFR_DST
365, counter: 0000045638370641, param: 0x02001000, L1_TRACE_MSG_DMA_AXIQ_RX
366, counter: 0000045638371209, param: 0x00000780, L1_TRACE_MSG_DMA_XFR_UNDERRUN
367, counter: 0000045638371914, param: 0xA041F900, L1_TRACE_MSG_DMA_XFR_SRC
368, counter: 0000045638371939, param: 0x07002000, L1_TRACE_MSG_DMA_XFR_DST
369, counter: 0000045638371983, param: 0xA041FB00, L1_TRACE_MSG_DMA_XFR_SRC
370, counter: 0000045638372008, param: 0x08002200, L1_TRACE_MSG_DMA_XFR_DST
371, counter: 0000045638372052, param: 0xA041FD00, L1_TRACE_MSG_DMA_XFR_SRC
372, counter: 0000045638372077, param: 0x09002400, L1_TRACE_MSG_DMA_XFR_DST
373, counter: 0000045638372121, param: 0xA041FF00, L1_TRACE_MSG_DMA_XFR_SRC
374, counter: 0000045638372146, param: 0x0A002600, L1_TRACE_MSG_DMA_XFR_DST
375, counter: 0000045638372290, param: 0x0B003000, L1_TRACE_MSG_DMA_AXIQ_TX
376, counter: 0000045638283069, param: 0xA041C500, L1_TRACE_MSG_DMA_XFR_SRC
377, counter: 0000045638283094, param: 0x09003400, L1_TRACE_MSG_DMA_XFR_DST
378, counter: 0000045638283138, param: 0xA041C700, L1_TRACE_MSG_DMA_XFR_SRC
379, counter: 0000045638283163, param: 0x0A003600, L1_TRACE_MSG_DMA_XFR_DST
380, counter: 0000045638283307, param: 0x0B002800, L1_TRACE_MSG_DMA_AXIQ_TX
381, counter: 0000045638283401, param: 0x0000F7FF, L1_TRACE_MSG_ENTRY_IDLE
382, counter: 0000045638284158, param: 0x03000004, L1_TRACE_MSG_ENTRY_MAIN
383, counter: 0000045638284182, param: 0x00000800, L1_TRACE_MSG_ENTRY_MAIN
384, counter: 0000045638284207, param: 0x00000000, L1_TRACE_MSG_ENTRY_MAIN
385, counter: 0000045638284231, param: 0x00000800, L1_TRACE_MSG_ENTRY_MAIN
386, counter: 0000045638284322, param: 0x00000780, L1_TRACE_MSG_DMA_XFR_UNDERRUN
387, counter: 0000045638284852, param: 0xA041C900, L1_TRACE_MSG_DMA_XFR_SRC
388, counter: 0000045638284877, param: 0x07002000, L1_TRACE_MSG_DMA_XFR_DST
389, counter: 0000045638284922, param: 0xA041CB00, L1_TRACE_MSG_DMA_XFR_SRC
390, counter: 0000045638284947, param: 0x08002200, L1_TRACE_MSG_DMA_XFR_DST
391, counter: 0000045638284991, param: 0xA041CD00, L1_TRACE_MSG_DMA_XFR_SRC
392, counter: 0000045638285016, param: 0x09002400, L1_TRACE_MSG_DMA_XFR_DST
393, counter: 0000045638285060, param: 0xA041CF00, L1_TRACE_MSG_DMA_XFR_SRC
394, counter: 0000045638285085, param: 0x0A002600, L1_TRACE_MSG_DMA_XFR_DST
395, counter: 0000045638285231, param: 0x0B003000, L1_TRACE_MSG_DMA_AXIQ_TX
396, counter: 0000045638285324, param: 0x0000F7FF, L1_TRACE_MSG_ENTRY_IDLE
397, counter: 0000045638286206, param: 0x03000004, L1_TRACE_MSG_ENTRY_MAIN
398, counter: 0000045638286230, param: 0x00000800, L1_TRACE_MSG_ENTRY_MAIN
399, counter: 0000045638286254, param: 0x00000000, L1_TRACE_MSG_ENTRY_MAIN
400, counter: 0000045638286278, param: 0x00000880, L1_TRACE_MSG_ENTRY_MAIN
401, counter: 0000045638286369, param: 0x00000780, L1_TRACE_MSG_DMA_XFR_UNDERRUN
402, counter: 0000045638286917, param: 0xA041D100, L1_TRACE_MSG_DMA_XFR_SRC
403, counter: 0000045638286942, param: 0x07002800, L1_TRACE_MSG_DMA_XFR_DST
404, counter: 0000045638286986, param: 0xA041D300, L1_TRACE_MSG_DMA_XFR_SRC
405, counter: 0000045638287011, param: 0x08002A00, L1_TRACE_MSG_DMA_XFR_DST
406, counter: 0000045638287055, param: 0xA041D500, L1_TRACE_MSG_DMA_XFR_SRC
407, counter: 0000045638287080, param: 0x09002C00, L1_TRACE_MSG_DMA_XFR_DST
408, counter: 0000045638287124, param: 0xA041D700, L1_TRACE_MSG_DMA_XFR_SRC
409, counter: 0000045638287149, param: 0x0A002E00, L1_TRACE_MSG_DMA_XFR_DST
410, counter: 0000045638287293, param: 0x0B002000, L1_TRACE_MSG_DMA_AXIQ_TX
411, counter: 0000045638287386, param: 0x0000F7FF, L1_TRACE_MSG_ENTRY_IDLE
412, counter: 0000045638288254, param: 0x03000004, L1_TRACE_MSG_ENTRY_MAIN
413, counter: 0000045638288278, param: 0x00000800, L1_TRACE_MSG_ENTRY_MAIN
414, counter: 0000045638288302, param: 0x00000000, L1_TRACE_MSG_ENTRY_MAIN
415, counter: 0000045638288326, param: 0x00000800, L1_TRACE_MSG_ENTRY_MAIN
416, counter: 0000045638288417, param: 0x00000780, L1_TRACE_MSG_DMA_XFR_UNDERRUN
417, counter: 0000045638289021, param: 0xA041D900, L1_TRACE_MSG_DMA_XFR_SRC
418, counter: 0000045638289046, param: 0x07003000, L1_TRACE_MSG_DMA_XFR_DST
419, counter: 0000045638289090, param: 0xA041DB00, L1_TRACE_MSG_DMA_XFR_SRC
420, counter: 0000045638289115, param: 0x08003200, L1_TRACE_MSG_DMA_XFR_DST
421, counter: 0000045638289159, param: 0xA041DD00, L1_TRACE_MSG_DMA_XFR_SRC
422, counter: 0000045638289184, param: 0x09003400, L1_TRACE_MSG_DMA_XFR_DST
423, counter: 0000045638289228, param: 0xA041DF00, L1_TRACE_MSG_DMA_XFR_SRC
424, counter: 0000045638289253, param: 0x0A003600, L1_TRACE_MSG_DMA_XFR_DST
425, counter: 0000045638289397, param: 0x0B002800, L1_TRACE_MSG_DMA_AXIQ_TX
426, counter: 0000045638289490, param: 0x0000F7FF, L1_TRACE_MSG_ENTRY_IDLE
427, counter: 0000045638290302, param: 0x03000004, L1_TRACE_MSG_ENTRY_MAIN
428, counter: 0000045638290326, param: 0x00000800, L1_TRACE_MSG_ENTRY_MAIN
429, counter: 0000045638290350, param: 0x00000000, L1_TRACE_MSG_ENTRY_MAIN
430, counter: 0000045638290374, param: 0x00000800, L1_TRACE_MSG_ENTRY_MAIN
431, counter: 0000045638290465, param: 0x00000780, L1_TRACE_MSG_DMA_XFR_UNDERRUN
432, counter: 0000045638291109, param: 0xA041E100, L1_TRACE_MSG_DMA_XFR_SRC
433, counter: 0000045638291134, param: 0x07002000, L1_TRACE_MSG_DMA_XFR_DST
434, counter: 0000045638291178, param: 0xA041E300, L1_TRACE_MSG_DMA_XFR_SRC
435, counter: 0000045638291203, param: 0x08002200, L1_TRACE_MSG_DMA_XFR_DST
436, counter: 0000045638291247, param: 0xA041E500, L1_TRACE_MSG_DMA_XFR_SRC
437, counter: 0000045638291272, param: 0x09002400, L1_TRACE_MSG_DMA_XFR_DST
438, counter: 0000045638291316, param: 0xA041E700, L1_TRACE_MSG_DMA_XFR_SRC
439, counter: 0000045638291341, param: 0x0A002600, L1_TRACE_MSG_DMA_XFR_DST
440, counter: 0000045638291485, param: 0x0B003000, L1_TRACE_MSG_DMA_AXIQ_TX
441, counter: 0000045638291578, param: 0x0000F7FF, L1_TRACE_MSG_ENTRY_IDLE
442, counter: 0000045638292350, param: 0x03000004, L1_TRACE_MSG_ENTRY_MAIN
443, counter: 0000045638292375, param: 0x00000800, L1_TRACE_MSG_ENTRY_MAIN
444, counter: 0000045638292399, param: 0x00000000, L1_TRACE_MSG_ENTRY_MAIN
445, counter: 0000045638292423, param: 0x00000800, L1_TRACE_MSG_ENTRY_MAIN
446, counter: 0000045638292514, param: 0x00000780, L1_TRACE_MSG_DMA_XFR_UNDERRUN
447, counter: 0000045638293189, param: 0xA041E900, L1_TRACE_MSG_DMA_XFR_SRC
448, counter: 0000045638293214, param: 0x07002800, L1_TRACE_MSG_DMA_XFR_DST
449, counter: 0000045638293258, param: 0xA041EB00, L1_TRACE_MSG_DMA_XFR_SRC
450, counter: 0000045638293283, param: 0x08002A00, L1_TRACE_MSG_DMA_XFR_DST
451, counter: 0000045638293327, param: 0xA041ED00, L1_TRACE_MSG_DMA_XFR_SRC
452, counter: 0000045638293352, param: 0x09002C00, L1_TRACE_MSG_DMA_XFR_DST
453, counter: 0000045638293396, param: 0xA041EF00, L1_TRACE_MSG_DMA_XFR_SRC
454, counter: 0000045638293421, param: 0x0A002E00, L1_TRACE_MSG_DMA_XFR_DST
455, counter: 0000045638293565, param: 0x0B002000, L1_TRACE_MSG_DMA_AXIQ_TX
456, counter: 0000045638293658, param: 0x0000F7FF, L1_TRACE_MSG_ENTRY_IDLE
457, counter: 0000045638294398, param: 0x03000004, L1_TRACE_MSG_ENTRY_MAIN
458, counter: 0000045638294422, param: 0x00000800, L1_TRACE_MSG_ENTRY_MAIN
459, counter: 0000045638294446, param: 0x00000000, L1_TRACE_MSG_ENTRY_MAIN
460, counter: 0000045638294470, param: 0x00000800, L1_TRACE_MSG_ENTRY_MAIN
461, counter: 0000045638294561, param: 0x00000780, L1_TRACE_MSG_DMA_XFR_UNDERRUN
462, counter: 0000045638295099, param: 0xA041F100, L1_TRACE_MSG_DMA_XFR_SRC
463, counter: 0000045638295124, param: 0x07003000, L1_TRACE_MSG_DMA_XFR_DST
464, counter: 0000045638295168, param: 0xA041F300, L1_TRACE_MSG_DMA_XFR_SRC
465, counter: 0000045638295193, param: 0x08003200, L1_TRACE_MSG_DMA_XFR_DST
466, counter: 0000045638295237, param: 0xA041F500, L1_TRACE_MSG_DMA_XFR_SRC
467, counter: 0000045638295262, param: 0x09003400, L1_TRACE_MSG_DMA_XFR_DST
468, counter: 0000045638295306, param: 0xA041F700, L1_TRACE_MSG_DMA_XFR_SRC
469, counter: 0000045638295331, param: 0x0A003600, L1_TRACE_MSG_DMA_XFR_DST
470, counter: 0000045638295476, param: 0x0B002800, L1_TRACE_MSG_DMA_AXIQ_TX
471, counter: 0000045638295569, param: 0x0000F7FF, L1_TRACE_MSG_ENTRY_IDLE
472, counter: 0000045638296446, param: 0x03000004, L1_TRACE_MSG_ENTRY_MAIN
473, counter: 0000045638296470, param: 0x00000800, L1_TRACE_MSG_ENTRY_MAIN
474, counter: 0000045638296494, param: 0x00000000, L1_TRACE_MSG_ENTRY_MAIN
475, counter: 0000045638296518, param: 0x00000800, L1_TRACE_MSG_ENTRY_MAIN
476, counter: 0000045638296609, param: 0x00000780, L1_TRACE_MSG_DMA_XFR_UNDERRUN
477, counter: 0000045638297241, param: 0xA041F900, L1_TRACE_MSG_DMA_XFR_SRC
478, counter: 0000045638297266, param: 0x07002000, L1_TRACE_MSG_DMA_XFR_DST
479, counter: 0000045638297310, param: 0xA041FB00, L1_TRACE_MSG_DMA_XFR_SRC
480, counter: 0000045638297335, param: 0x08002200, L1_TRACE_MSG_DMA_XFR_DST
481, counter: 0000045638297379, param: 0xA041FD00, L1_TRACE_MSG_DMA_XFR_SRC
482, counter: 0000045638297404, param: 0x09002400, L1_TRACE_MSG_DMA_XFR_DST
483, counter: 0000045638297448, param: 0xA041FF00, L1_TRACE_MSG_DMA_XFR_SRC
484, counter: 0000045638297473, param: 0x0A002600, L1_TRACE_MSG_DMA_XFR_DST
485, counter: 0000045638297617, param: 0x0B003000, L1_TRACE_MSG_DMA_AXIQ_TX
486, counter: 0000045638297710, param: 0x0000F7FF, L1_TRACE_MSG_ENTRY_IDLE
487, counter: 0000045638298494, param: 0x03000004, L1_TRACE_MSG_ENTRY_MAIN
488, counter: 0000045638298518, param: 0x00000800, L1_TRACE_MSG_ENTRY_MAIN
489, counter: 0000045638298542, param: 0x00000000, L1_TRACE_MSG_ENTRY_MAIN
490, counter: 0000045638298566, param: 0x00000800, L1_TRACE_MSG_ENTRY_MAIN
491, counter: 0000045638298657, param: 0x00000780, L1_TRACE_MSG_DMA_XFR_UNDERRUN
492, counter: 0000045638299313, param: 0xA0420100, L1_TRACE_MSG_DMA_XFR_SRC
493, counter: 0000045638299338, param: 0x07002800, L1_TRACE_MSG_DMA_XFR_DST
494, counter: 0000045638299382, param: 0xA0420300, L1_TRACE_MSG_DMA_XFR_SRC
495, counter: 0000045638299407, param: 0x08002A00, L1_TRACE_MSG_DMA_XFR_DST
496, counter: 0000045638299451, param: 0xA0420500, L1_TRACE_MSG_DMA_XFR_SRC
497, counter: 0000045638299476, param: 0x09002C00, L1_TRACE_MSG_DMA_XFR_DST
498, counter: 0000045638299520, param: 0xA0420700, L1_TRACE_MSG_DMA_XFR_SRC
499, counter: 0000045638299545, param: 0x0A002E00, L1_TRACE_MSG_DMA_XFR_DST
500, counter: 0000045638299689, param: 0x0B002000, L1_TRACE_MSG_DMA_AXIQ_TX
501, counter: 0000045638299782, param: 0x0000F7FF, L1_TRACE_MSG_ENTRY_IDLE
502, counter: 0000045638300542, param: 0x03000004, L1_TRACE_MSG_ENTRY_MAIN
503, counter: 0000045638300566, param: 0x00000800, L1_TRACE_MSG_ENTRY_MAIN
504, counter: 0000045638300591, param: 0x00000000, L1_TRACE_MSG_ENTRY_MAIN
505, counter: 0000045638300615, param: 0x00000800, L1_TRACE_MSG_ENTRY_MAIN
506, counter: 0000045638300706, param: 0x00000780, L1_TRACE_MSG_DMA_XFR_UNDERRUN
507, counter: 0000045638301382, param: 0xA0420900, L1_TRACE_MSG_DMA_XFR_SRC
508, counter: 0000045638301407, param: 0x07003000, L1_TRACE_MSG_DMA_XFR_DST
509, counter: 0000045638301451, param: 0xA0420B00, L1_TRACE_MSG_DMA_XFR_SRC
510, counter: 0000045638301476, param: 0x08003200, L1_TRACE_MSG_DMA_XFR_DST
511, counter: 0000045638301520, param: 0xA0420D00, L1_TRACE_MSG_DMA_XFR_SRC
512, counter: 0000045638301545, param: 0x09003400, L1_TRACE_MSG_DMA_XFR_DST
513, counter: 0000045638301589, param: 0xA0420F00, L1_TRACE_MSG_DMA_XFR_SRC
514, counter: 0000045638301614, param: 0x0A003600, L1_TRACE_MSG_DMA_XFR_DST
515, counter: 0000045638301758, param: 0x0B002800, L1_TRACE_MSG_DMA_AXIQ_TX
516, counter: 0000045638301852, param: 0x0000F7FF, L1_TRACE_MSG_ENTRY_IDLE
517, counter: 0000045638302110, param: 0x03100000, L1_TRACE_MSG_ENTRY_MAIN
518, counter: 0000045638302134, param: 0x00000000, L1_TRACE_MSG_ENTRY_MAIN
519, counter: 0000045638302158, param: 0x00000000, L1_TRACE_MSG_ENTRY_MAIN
520, counter: 0000045638302182, param: 0x00000000, L1_TRACE_MSG_ENTRY_MAIN
521, counter: 0000045638302611, param: 0x00000780, L1_TRACE_MSG_DMA_XFR_UNDERRUN
522, counter: 0000045638303015, param: 0xA0421100, L1_TRACE_MSG_DMA_XFR_SRC
523, counter: 0000045638303040, param: 0x07002000, L1_TRACE_MSG_DMA_XFR_DST
524, counter: 0000045638303084, param: 0xA0421300, L1_TRACE_MSG_DMA_XFR_SRC
525, counter: 0000045638303109, param: 0x08002200, L1_TRACE_MSG_DMA_XFR_DST
526, counter: 0000045638303153, param: 0xA0421500, L1_TRACE_MSG_DMA_XFR_SRC
527, counter: 0000045638303178, param: 0x09002400, L1_TRACE_MSG_DMA_XFR_DST
528, counter: 0000045638303222, param: 0xA0421700, L1_TRACE_MSG_DMA_XFR_SRC
529, counter: 0000045638303247, param: 0x0A002600, L1_TRACE_MSG_DMA_XFR_DST
530, counter: 0000045638303394, param: 0x0B003000, L1_TRACE_MSG_DMA_AXIQ_TX
531, counter: 0000045638303480, param: 0x02000000, L1_TRACE_MSG_DMA_AXIQ_RX
532, counter: 0000045638303526, param: 0x02000800, L1_TRACE_MSG_DMA_AXIQ_RX
533, counter: 0000045638304656, param: 0x00000780, L1_TRACE_MSG_DMA_XFR_UNDERRUN
534, counter: 0000045638305090, param: 0xA0419900, L1_TRACE_MSG_DMA_XFR_SRC
535, counter: 0000045638305115, param: 0x07002800, L1_TRACE_MSG_DMA_XFR_DST
536, counter: 0000045638305160, param: 0xA0419B00, L1_TRACE_MSG_DMA_XFR_SRC
537, counter: 0000045638305185, param: 0x08002A00, L1_TRACE_MSG_DMA_XFR_DST
538, counter: 0000045638305229, param: 0xA0419D00, L1_TRACE_MSG_DMA_XFR_SRC
539, counter: 0000045638305254, param: 0x09002C00, L1_TRACE_MSG_DMA_XFR_DST
540, counter: 0000045638305298, param: 0xA0419F00, L1_TRACE_MSG_DMA_XFR_SRC
541, counter: 0000045638305323, param: 0x0A002E00, L1_TRACE_MSG_DMA_XFR_DST
542, counter: 0000045638305468, param: 0x0B002000, L1_TRACE_MSG_DMA_AXIQ_TX
543, counter: 0000045638306697, param: 0x00000780, L1_TRACE_MSG_DMA_XFR_UNDERRUN
544, counter: 0000045638307200, param: 0xA041A100, L1_TRACE_MSG_DMA_XFR_SRC
545, counter: 0000045638307225, param: 0x07003000, L1_TRACE_MSG_DMA_XFR_DST
546, counter: 0000045638307269, param: 0xA041A300, L1_TRACE_MSG_DMA_XFR_SRC
547, counter: 0000045638307294, param: 0x08003200, L1_TRACE_MSG_DMA_XFR_DST
548, counter: 0000045638307338, param: 0xA041A500, L1_TRACE_MSG_DMA_XFR_SRC
549, counter: 0000045638307363, param: 0x09003400, L1_TRACE_MSG_DMA_XFR_DST
550, counter: 0000045638307407, param: 0xA041A700, L1_TRACE_MSG_DMA_XFR_SRC
551, counter: 0000045638307432, param: 0x0A003600, L1_TRACE_MSG_DMA_XFR_DST
552, counter: 0000045638307576, param: 0x0B002800, L1_TRACE_MSG_DMA_AXIQ_TX
553, counter: 0000045638307667, param: 0x02001000, L1_TRACE_MSG_DMA_AXIQ_RX
554, counter: 0000045638308770, param: 0x00000780, L1_TRACE_MSG_DMA_XFR_UNDERRUN
555, counter: 0000045638309282, param: 0xA041A900, L1_TRACE_MSG_DMA_XFR_SRC
556, counter: 0000045638309307, param: 0x07002000, L1_TRACE_MSG_DMA_XFR_DST
557, counter: 0000045638309351, param: 0xA041AB00, L1_TRACE_MSG_DMA_XFR_SRC
558, counter: 0000045638309376, param: 0x08002200, L1_TRACE_MSG_DMA_XFR_DST
559, counter: 0000045638309420, param: 0xA041AD00, L1_TRACE_MSG_DMA_XFR_SRC
560, counter: 0000045638309445, param: 0x09002400, L1_TRACE_MSG_DMA_XFR_DST
561, counter: 0000045638309489, param: 0xA041AF00, L1_TRACE_MSG_DMA_XFR_SRC
562, counter: 0000045638309514, param: 0x0A002600, L1_TRACE_MSG_DMA_XFR_DST
563, counter: 0000045638309658, param: 0x0B003000, L1_TRACE_MSG_DMA_AXIQ_TX
564, counter: 0000045638310786, param: 0x00000780, L1_TRACE_MSG_DMA_XFR_UNDERRUN
565, counter: 0000045638311382, param: 0xA041B100, L1_TRACE_MSG_DMA_XFR_SRC
566, counter: 0000045638311407, param: 0x07002800, L1_TRACE_MSG_DMA_XFR_DST
567, counter: 0000045638311451, param: 0xA041B300, L1_TRACE_MSG_DMA_XFR_SRC
568, counter: 0000045638311476, param: 0x08002A00, L1_TRACE_MSG_DMA_XFR_DST
569, counter: 0000045638311520, param: 0xA041B500, L1_TRACE_MSG_DMA_XFR_SRC
570, counter: 0000045638311545, param: 0x09002C00, L1_TRACE_MSG_DMA_XFR_DST
571, counter: 0000045638311589, param: 0xA041B700, L1_TRACE_MSG_DMA_XFR_SRC
572, counter: 0000045638311614, param: 0x0A002E00, L1_TRACE_MSG_DMA_XFR_DST
573, counter: 0000045638311758, param: 0x0B002000, L1_TRACE_MSG_DMA_AXIQ_TX
574, counter: 0000045638311848, param: 0x0C000000, L1_TRACE_MSG_DMA_XFR_SRC
575, counter: 0000045638311872, param: 0xA0219100, L1_TRACE_MSG_DMA_XFR_DST
576, counter: 0000045638311929, param: 0x0D000400, L1_TRACE_MSG_DMA_XFR_SRC
577, counter: 0000045638311953, param: 0xA0219500, L1_TRACE_MSG_DMA_XFR_DST
578, counter: 0000045638312008, param: 0x02001800, L1_TRACE_MSG_DMA_AXIQ_RX
579, counter: 0000045638312249, param: 0x0000F7FB, L1_TRACE_MSG_ENTRY_IDLE
580, counter: 0000045638312869, param: 0x03000004, L1_TRACE_MSG_ENTRY_MAIN
581, counter: 0000045638312893, param: 0x00000800, L1_TRACE_MSG_ENTRY_MAIN
582, counter: 0000045638312917, param: 0x00000000, L1_TRACE_MSG_ENTRY_MAIN
583, counter: 0000045638312941, param: 0x00001800, L1_TRACE_MSG_ENTRY_MAIN
584, counter: 0000045638313032, param: 0x00000780, L1_TRACE_MSG_DMA_XFR_UNDERRUN
585, counter: 0000045638313961, param: 0x00072222, L1_TRACE_MSG_DMA_AXIQ_TX_ERR
586, counter: 0000045638314052, param: 0xA041B900, L1_TRACE_MSG_DMA_XFR_SRC
587, counter: 0000045638314077, param: 0x07003000, L1_TRACE_MSG_DMA_XFR_DST
588, counter: 0000045638314122, param: 0xA041BB00, L1_TRACE_MSG_DMA_XFR_SRC
589, counter: 0000045638314147, param: 0x08003200, L1_TRACE_MSG_DMA_XFR_DST
590, counter: 0000045638314191, param: 0xA041BD00, L1_TRACE_MSG_DMA_XFR_SRC
591, counter: 0000045638314217, param: 0x09003400, L1_TRACE_MSG_DMA_XFR_DST
592, counter: 0000045638314261, param: 0xA041BF00, L1_TRACE_MSG_DMA_XFR_SRC
593, counter: 0000045638314286, param: 0x0A003600, L1_TRACE_MSG_DMA_XFR_DST
594, counter: 0000045638314433, param: 0x0B002800, L1_TRACE_MSG_DMA_AXIQ_TX
595, counter: 0000045638314557, param: 0x000000B0, L1_TRACE_MSG_DMA_AXIQ_RX_ERR
596, counter: 0000045638314704, param: 0x0C000800, L1_TRACE_MSG_DMA_XFR_SRC
597, counter: 0000045638314728, param: 0xA0219900, L1_TRACE_MSG_DMA_XFR_DST
598, counter: 0000045638314782, param: 0x0D000C00, L1_TRACE_MSG_DMA_XFR_SRC
599, counter: 0000045638314806, param: 0xA0219D00, L1_TRACE_MSG_DMA_XFR_DST
600, counter: 0000045638314860, param: 0x02000000, L1_TRACE_MSG_DMA_AXIQ_RX
601, counter: 0000045638315037, param: 0x0000FFFB, L1_TRACE_MSG_ENTRY_IDLE
602, counter: 0000045638315103, param: 0x03000004, L1_TRACE_MSG_ENTRY_MAIN
603, counter: 0000045638315127, param: 0x00000800, L1_TRACE_MSG_ENTRY_MAIN
604, counter: 0000045638315151, param: 0x00000000, L1_TRACE_MSG_ENTRY_MAIN
605, counter: 0000045638315175, param: 0x00000800, L1_TRACE_MSG_ENTRY_MAIN
606, counter: 0000045638315266, param: 0x00000780, L1_TRACE_MSG_DMA_XFR_UNDERRUN
607, counter: 0000045638315889, param: 0x00072222, L1_TRACE_MSG_DMA_AXIQ_TX_ERR
608, counter: 0000045638315980, param: 0xA041C100, L1_TRACE_MSG_DMA_XFR_SRC
609, counter: 0000045638316005, param: 0x07002000, L1_TRACE_MSG_DMA_XFR_DST
610, counter: 0000045638316049, param: 0xA041C300, L1_TRACE_MSG_DMA_XFR_SRC
611, counter: 0000045638316074, param: 0x08002200, L1_TRACE_MSG_DMA_XFR_DST
612, counter: 0000045638316118, param: 0xA041C500, L1_TRACE_MSG_DMA_XFR_SRC
613, counter: 0000045638316143, param: 0x09002400, L1_TRACE_MSG_DMA_XFR_DST
614, counter: 0000045638316187, param: 0xA041C700, L1_TRACE_MSG_DMA_XFR_SRC
615, counter: 0000045638316213, param: 0x0A002600, L1_TRACE_MSG_DMA_XFR_DST
616, counter: 0000045638316357, param: 0x0B003000, L1_TRACE_MSG_DMA_AXIQ_TX
617, counter: 0000045638316448, param: 0x00000000, L1_TRACE_MSG_DMA_XFR_UNDERRUN
618, counter: 0000045638316516, param: 0x000000B0, L1_TRACE_MSG_DMA_AXIQ_RX_ERR
619, counter: 0000045638316662, param: 0x0C001000, L1_TRACE_MSG_DMA_XFR_SRC
620, counter: 0000045638316686, param: 0xA021A100, L1_TRACE_MSG_DMA_XFR_DST
621, counter: 0000045638316741, param: 0x0D001400, L1_TRACE_MSG_DMA_XFR_SRC
622, counter: 0000045638316765, param: 0xA021A500, L1_TRACE_MSG_DMA_XFR_DST
623, counter: 0000045638316819, param: 0x02000800, L1_TRACE_MSG_DMA_AXIQ_RX
624, counter: 0000045638316995, param: 0x0000F7FB, L1_TRACE_MSG_ENTRY_IDLE
625, counter: 0000045638317169, param: 0x03000004, L1_TRACE_MSG_ENTRY_MAIN
626, counter: 0000045638317193, param: 0x00000800, L1_TRACE_MSG_ENTRY_MAIN
627, counter: 0000045638317217, param: 0x00000000, L1_TRACE_MSG_ENTRY_MAIN
628, counter: 0000045638317241, param: 0x00002800, L1_TRACE_MSG_ENTRY_MAIN
629, counter: 0000045638317332, param: 0x00000780, L1_TRACE_MSG_DMA_XFR_UNDERRUN
630, counter: 0000045638317940, param: 0xA041C900, L1_TRACE_MSG_DMA_XFR_SRC
631, counter: 0000045638317965, param: 0x07002800, L1_TRACE_MSG_DMA_XFR_DST
632, counter: 0000045638318010, param: 0xA041CB00, L1_TRACE_MSG_DMA_XFR_SRC
633, counter: 0000045638318035, param: 0x08002A00, L1_TRACE_MSG_DMA_XFR_DST
634, counter: 0000045638318079, param: 0xA041CD00, L1_TRACE_MSG_DMA_XFR_SRC
635, counter: 0000045638318104, param: 0x09002C00, L1_TRACE_MSG_DMA_XFR_DST
636, counter: 0000045638318148, param: 0xA041CF00, L1_TRACE_MSG_DMA_XFR_SRC
637, counter: 0000045638318173, param: 0x0A002E00, L1_TRACE_MSG_DMA_XFR_DST
638, counter: 0000045638318320, param: 0x0B002000, L1_TRACE_MSG_DMA_AXIQ_TX
639, counter: 0000045638318426, param: 0x0000F7FB, L1_TRACE_MSG_ENTRY_IDLE
640, counter: 0000045638319058, param: 0x03000004, L1_TRACE_MSG_ENTRY_MAIN
641, counter: 0000045638319082, param: 0x00000800, L1_TRACE_MSG_ENTRY_MAIN
642, counter: 0000045638319106, param: 0x00000000, L1_TRACE_MSG_ENTRY_MAIN
643, counter: 0000045638319130, param: 0x00003800, L1_TRACE_MSG_ENTRY_MAIN
644, counter: 0000045638319221, param: 0x00000780, L1_TRACE_MSG_DMA_XFR_UNDERRUN
645, counter: 0000045638319821, param: 0xA041D100, L1_TRACE_MSG_DMA_XFR_SRC
646, counter: 0000045638319846, param: 0x07003000, L1_TRACE_MSG_DMA_XFR_DST
647, counter: 0000045638319890, param: 0xA041D300, L1_TRACE_MSG_DMA_XFR_SRC
648, counter: 0000045638319915, param: 0x08003200, L1_TRACE_MSG_DMA_XFR_DST
649, counter: 0000045638319959, param: 0xA041D500, L1_TRACE_MSG_DMA_XFR_SRC
650, counter: 0000045638319984, param: 0x09003400, L1_TRACE_MSG_DMA_XFR_DST
651, counter: 0000045638320028, param: 0xA041D700, L1_TRACE_MSG_DMA_XFR_SRC
652, counter: 0000045638320053, param: 0x0A003600, L1_TRACE_MSG_DMA_XFR_DST
653, counter: 0000045638320197, param: 0x0B002800, L1_TRACE_MSG_DMA_AXIQ_TX
654, counter: 0000045638320324, param: 0x000000B0, L1_TRACE_MSG_DMA_AXIQ_RX_ERR
655, counter: 0000045638320470, param: 0x0C001800, L1_TRACE_MSG_DMA_XFR_SRC
656, counter: 0000045638320494, param: 0xA021A900, L1_TRACE_MSG_DMA_XFR_DST
657, counter: 0000045638320548, param: 0x0D001C00, L1_TRACE_MSG_DMA_XFR_SRC
658, counter: 0000045638320572, param: 0xA021AD00, L1_TRACE_MSG_DMA_XFR_DST
659, counter: 0000045638320627, param: 0x02001000, L1_TRACE_MSG_DMA_AXIQ_RX
660, counter: 0000045638320804, param: 0x0000F7FB, L1_TRACE_MSG_ENTRY_IDLE
661, counter: 0000045638321197, param: 0x03000004, L1_TRACE_MSG_ENTRY_MAIN
662, counter: 0000045638321221, param: 0x00000800, L1_TRACE_MSG_ENTRY_MAIN
663, counter: 0000045638321246, param: 0x00000000, L1_TRACE_MSG_ENTRY_MAIN
664, counter: 0000045638321270, param: 0x00000800, L1_TRACE_MSG_ENTRY_MAIN
665, counter: 0000045638321361, param: 0x00000780, L1_TRACE_MSG_DMA_XFR_UNDERRUN
666, counter: 0000045638321861, param: 0xA041D900, L1_TRACE_MSG_DMA_XFR_SRC
667, counter: 0000045638321886, param: 0x07002000, L1_TRACE_MSG_DMA_XFR_DST
668, counter: 0000045638321930, param: 0xA041DB00, L1_TRACE_MSG_DMA_XFR_SRC
669, counter: 0000045638321955, param: 0x08002200, L1_TRACE_MSG_DMA_XFR_DST
670, counter: 0000045638321999, param: 0xA041DD00, L1_TRACE_MSG_DMA_XFR_SRC
671, counter: 0000045638322024, param: 0x09002400, L1_TRACE_MSG_DMA_XFR_DST
672, counter: 0000045638322068, param: 0xA041DF00, L1_TRACE_MSG_DMA_XFR_SRC
673, counter: 0000045638322093, param: 0x0A002600, L1_TRACE_MSG_DMA_XFR_DST
674, counter: 0000045638322237, param: 0x0B003000, L1_TRACE_MSG_DMA_AXIQ_TX
675, counter: 0000045638322343, param: 0x0000F7FB, L1_TRACE_MSG_ENTRY_IDLE
676, counter: 0000045638322803, param: 0x03000004, L1_TRACE_MSG_ENTRY_MAIN
677, counter: 0000045638322827, param: 0x00000004, L1_TRACE_MSG_ENTRY_MAIN
678, counter: 0000045638322851, param: 0x00000000, L1_TRACE_MSG_ENTRY_MAIN
679, counter: 0000045638322875, param: 0x00003004, L1_TRACE_MSG_ENTRY_MAIN
680, counter: 0000045638323034, param: 0x000000B0, L1_TRACE_MSG_DMA_AXIQ_RX_ERR
681, counter: 0000045638323180, param: 0x0C000000, L1_TRACE_MSG_DMA_XFR_SRC
682, counter: 0000045638323204, param: 0xA021B100, L1_TRACE_MSG_DMA_XFR_DST
683, counter: 0000045638323258, param: 0x0D000400, L1_TRACE_MSG_DMA_XFR_SRC
684, counter: 0000045638323282, param: 0xA021B500, L1_TRACE_MSG_DMA_XFR_DST
685, counter: 0000045638323336, param: 0x02001800, L1_TRACE_MSG_DMA_AXIQ_RX
686, counter: 0000045638323513, param: 0x0000FFFB, L1_TRACE_MSG_ENTRY_IDLE
687, counter: 0000045638323579, param: 0x03000004, L1_TRACE_MSG_ENTRY_MAIN
688, counter: 0000045638323603, param: 0x00000800, L1_TRACE_MSG_ENTRY_MAIN
689, counter: 0000045638323627, param: 0x00000000, L1_TRACE_MSG_ENTRY_MAIN
690, counter: 0000045638323651, param: 0x00000980, L1_TRACE_MSG_ENTRY_MAIN
691, counter: 0000045638323742, param: 0x00000780, L1_TRACE_MSG_DMA_XFR_UNDERRUN
692, counter: 0000045638324195, param: 0x00072222, L1_TRACE_MSG_DMA_AXIQ_TX_ERR
693, counter: 0000045638324286, param: 0xA041E100, L1_TRACE_MSG_DMA_XFR_SRC
694, counter: 0000045638324311, param: 0x07002800, L1_TRACE_MSG_DMA_XFR_DST
695, counter: 0000045638324355, param: 0xA041E300, L1_TRACE_MSG_DMA_XFR_SRC
696, counter: 0000045638324380, param: 0x08002A00, L1_TRACE_MSG_DMA_XFR_DST
697, counter: 0000045638324424, param: 0xA041E500, L1_TRACE_MSG_DMA_XFR_SRC
698, counter: 0000045638324449, param: 0x09002C00, L1_TRACE_MSG_DMA_XFR_DST
699, counter: 0000045638324493, param: 0xA041E700, L1_TRACE_MSG_DMA_XFR_SRC
700, counter: 0000045638324518, param: 0x0A002E00, L1_TRACE_MSG_DMA_XFR_DST
701, counter: 0000045638324662, param: 0x0B002000, L1_TRACE_MSG_DMA_AXIQ_TX
702, counter: 0000045638324768, param: 0x0000F7FB, L1_TRACE_MSG_ENTRY_IDLE
703, counter: 0000045638325230, param: 0x03000004, L1_TRACE_MSG_ENTRY_MAIN
704, counter: 0000045638325254, param: 0x00000800, L1_TRACE_MSG_ENTRY_MAIN
705, counter: 0000045638325278, param: 0x00000000, L1_TRACE_MSG_ENTRY_MAIN
706, counter: 0000045638325302, param: 0x00001800, L1_TRACE_MSG_ENTRY_MAIN
707, counter: 0000045638325393, param: 0x00000780, L1_TRACE_MSG_DMA_XFR_UNDERRUN
708, counter: 0000045638326033, param: 0xA041E900, L1_TRACE_MSG_DMA_XFR_SRC
709, counter: 0000045638326058, param: 0x07003000, L1_TRACE_MSG_DMA_XFR_DST
710, counter: 0000045638326102, param: 0xA041EB00, L1_TRACE_MSG_DMA_XFR_SRC
711, counter: 0000045638326127, param: 0x08003200, L1_TRACE_MSG_DMA_XFR_DST
712, counter: 0000045638326171, param: 0xA041ED00, L1_TRACE_MSG_DMA_XFR_SRC
713, counter: 0000045638326196, param: 0x09003400, L1_TRACE_MSG_DMA_XFR_DST
714, counter: 0000045638326240, param: 0xA041EF00, L1_TRACE_MSG_DMA_XFR_SRC
715, counter: 0000045638326265, param: 0x0A003600, L1_TRACE_MSG_DMA_XFR_DST
716, counter: 0000045638326409, param: 0x0B002800, L1_TRACE_MSG_DMA_AXIQ_TX
717, counter: 0000045638326535, param: 0x000000B0, L1_TRACE_MSG_DMA_AXIQ_RX_ERR
718, counter: 0000045638326681, param: 0x0C000800, L1_TRACE_MSG_DMA_XFR_SRC
719, counter: 0000045638326705, param: 0xA021B900, L1_TRACE_MSG_DMA_XFR_DST
720, counter: 0000045638326759, param: 0x0D000C00, L1_TRACE_MSG_DMA_XFR_SRC
721, counter: 0000045638326784, param: 0xA021BD00, L1_TRACE_MSG_DMA_XFR_DST
722, counter: 0000045638326839, param: 0x02000000, L1_TRACE_MSG_DMA_AXIQ_RX
723, counter: 0000045638327016, param: 0x0000F7FB, L1_TRACE_MSG_ENTRY_IDLE
724, counter: 0000045638327387, param: 0x03000004, L1_TRACE_MSG_ENTRY_MAIN
725, counter: 0000045638327411, param: 0x00000800, L1_TRACE_MSG_ENTRY_MAIN
726, counter: 0000045638327435, param: 0x00000000, L1_TRACE_MSG_ENTRY_MAIN
727, counter: 0000045638327459, param: 0x00000800, L1_TRACE_MSG_ENTRY_MAIN
728, counter: 0000045638327550, param: 0x00000780, L1_TRACE_MSG_DMA_XFR_UNDERRUN
729, counter: 0000045638328104, param: 0xA041F100, L1_TRACE_MSG_DMA_XFR_SRC
730, counter: 0000045638328129, param: 0x07002000, L1_TRACE_MSG_DMA_XFR_DST
731, counter: 0000045638328173, param: 0xA041F300, L1_TRACE_MSG_DMA_XFR_SRC
732, counter: 0000045638328198, param: 0x08002200, L1_TRACE_MSG_DMA_XFR_DST
733, counter: 0000045638328242, param: 0xA041F500, L1_TRACE_MSG_DMA_XFR_SRC
734, counter: 0000045638328267, param: 0x09002400, L1_TRACE_MSG_DMA_XFR_DST
735, counter: 0000045638328312, param: 0xA041F700, L1_TRACE_MSG_DMA_XFR_SRC
736, counter: 0000045638328337, param: 0x0A002600, L1_TRACE_MSG_DMA_XFR_DST
737, counter: 0000045638328481, param: 0x0B003000, L1_TRACE_MSG_DMA_AXIQ_TX
738, counter: 0000045638328587, param: 0x0000F7FB, L1_TRACE_MSG_ENTRY_IDLE
739, counter: 0000045638329197, param: 0x03000004, L1_TRACE_MSG_ENTRY_MAIN
740, counter: 0000045638329221, param: 0x00000004, L1_TRACE_MSG_ENTRY_MAIN
741, counter: 0000045638329245, param: 0x00000000, L1_TRACE_MSG_ENTRY_MAIN
742, counter: 0000045638329269, param: 0x00003004, L1_TRACE_MSG_ENTRY_MAIN
743, counter: 0000045638329360, param: 0x00000780, L1_TRACE_MSG_DMA_XFR_UNDERRUN
744, counter: 0000045638329992, param: 0xA041F900, L1_TRACE_MSG_DMA_XFR_SRC
745, counter: 0000045638330017, param: 0x07002800, L1_TRACE_MSG_DMA_XFR_DST
746, counter: 0000045638330061, param: 0xA041FB00, L1_TRACE_MSG_DMA_XFR_SRC
747, counter: 0000045638330086, param: 0x08002A00, L1_TRACE_MSG_DMA_XFR_DST
748, counter: 0000045638330130, param: 0xA041FD00, L1_TRACE_MSG_DMA_XFR_SRC
749, counter: 0000045638330155, param: 0x09002C00, L1_TRACE_MSG_DMA_XFR_DST
750, counter: 0000045638330199, param: 0xA041FF00, L1_TRACE_MSG_DMA_XFR_SRC
751, counter: 0000045638330224, param: 0x0A002E00, L1_TRACE_MSG_DMA_XFR_DST
752, counter: 0000045638330371, param: 0x0B002000, L1_TRACE_MSG_DMA_AXIQ_TX
753, counter: 0000045638330496, param: 0x000000B0, L1_TRACE_MSG_DMA_AXIQ_RX_ERR
754, counter: 0000045638330642, param: 0x0C001000, L1_TRACE_MSG_DMA_XFR_SRC
755, counter: 0000045638330666, param: 0xA021C100, L1_TRACE_MSG_DMA_XFR_DST
756, counter: 0000045638330720, param: 0x0D001400, L1_TRACE_MSG_DMA_XFR_SRC
757, counter: 0000045638330744, param: 0xA021C500, L1_TRACE_MSG_DMA_XFR_DST
758, counter: 0000045638330798, param: 0x02000800, L1_TRACE_MSG_DMA_AXIQ_RX
759, counter: 0000045638330979, param: 0x0000F7FB, L1_TRACE_MSG_ENTRY_IDLE
760, counter: 0000045638331689, param: 0x03000004, L1_TRACE_MSG_ENTRY_MAIN
761, counter: 0000045638331713, param: 0x00000800, L1_TRACE_MSG_ENTRY_MAIN
762, counter: 0000045638331737, param: 0x00000000, L1_TRACE_MSG_ENTRY_MAIN
763, counter: 0000045638331761, param: 0x00001880, L1_TRACE_MSG_ENTRY_MAIN
764, counter: 0000045638331852, param: 0x00000780, L1_TRACE_MSG_DMA_XFR_UNDERRUN
765, counter: 0000045638332476, param: 0x00072222, L1_TRACE_MSG_DMA_AXIQ_TX_ERR
766, counter: 0000045638332567, param: 0xA0420100, L1_TRACE_MSG_DMA_XFR_SRC
767, counter: 0000045638332592, param: 0x07003000, L1_TRACE_MSG_DMA_XFR_DST
l1_trace_index: 0376
